\\bournemouth.ac.uk\data\student\home\scitech\s5611581\github\pfi-assignment\networkinglab\x64\debug\vc143.pdb
\\bournemouth.ac.uk\data\student\home\scitech\s5611581\github\pfi-assignment\networkinglab\x64\debug\vc143.idb
\\bournemouth.ac.uk\data\student\home\scitech\s5611581\github\pfi-assignment\networkinglab\x64\debug\wsa.obj
\\bournemouth.ac.uk\data\student\home\scitech\s5611581\github\pfi-assignment\networkinglab\x64\debug\window.obj
\\bournemouth.ac.uk\data\student\home\scitech\s5611581\github\pfi-assignment\networkinglab\x64\debug\timer.obj
\\bournemouth.ac.uk\data\student\home\scitech\s5611581\github\pfi-assignment\networkinglab\x64\debug\serversocket.obj
\\bournemouth.ac.uk\data\student\home\scitech\s5611581\github\pfi-assignment\networkinglab\x64\debug\server.obj
\\bournemouth.ac.uk\data\student\home\scitech\s5611581\github\pfi-assignment\networkinglab\x64\debug\pugixml.obj
\\bournemouth.ac.uk\data\student\home\scitech\s5611581\github\pfi-assignment\networkinglab\x64\debug\main.obj
\\bournemouth.ac.uk\data\student\home\scitech\s5611581\github\pfi-assignment\networkinglab\x64\debug\clientsocket.obj
\\bournemouth.ac.uk\data\student\home\scitech\s5611581\github\pfi-assignment\networkinglab\x64\debug\client.obj
\\bournemouth.ac.uk\data\student\home\scitech\s5611581\github\pfi-assignment\x64\debug\networkinglab.exe
\\bournemouth.ac.uk\data\student\home\scitech\s5611581\github\pfi-assignment\x64\debug\networkinglab.pdb
\\bournemouth.ac.uk\data\student\home\scitech\s5611581\github\pfi-assignment\networkinglab\x64\debug\networkinglab.ilk
\\bournemouth.ac.uk\data\student\home\scitech\s5611581\github\pfi-assignment\networkinglab\x64\debug\networkinglab.tlog\cl.command.1.tlog
\\bournemouth.ac.uk\data\student\home\scitech\s5611581\github\pfi-assignment\networkinglab\x64\debug\networkinglab.tlog\cl.items.tlog
\\bournemouth.ac.uk\data\student\home\scitech\s5611581\github\pfi-assignment\networkinglab\x64\debug\networkinglab.tlog\cl.read.1.tlog
\\bournemouth.ac.uk\data\student\home\scitech\s5611581\github\pfi-assignment\networkinglab\x64\debug\networkinglab.tlog\cl.write.1.tlog
\\bournemouth.ac.uk\data\student\home\scitech\s5611581\github\pfi-assignment\networkinglab\x64\debug\networkinglab.tlog\link.command.1.tlog
\\bournemouth.ac.uk\data\student\home\scitech\s5611581\github\pfi-assignment\networkinglab\x64\debug\networkinglab.tlog\link.read.1.tlog
\\bournemouth.ac.uk\data\student\home\scitech\s5611581\github\pfi-assignment\networkinglab\x64\debug\networkinglab.tlog\link.secondary.1.tlog
\\bournemouth.ac.uk\data\student\home\scitech\s5611581\github\pfi-assignment\networkinglab\x64\debug\networkinglab.tlog\link.write.1.tlog
